[0913/143918.206:ERROR:process_reader_win.cc(188)] ResumeThread: The parameter is incorrect. (0x57)
[0913/143918.207:ERROR:process_reader_win.cc(151)] SuspendThread: Access is denied. (0x5)
[0913/143918.207:ERROR:process_reader_win.cc(151)] SuspendThread: Access is denied. (0x5)
[0913/143918.207:ERROR:process_reader_win.cc(151)] SuspendThread: Access is denied. (0x5)
[0913/143918.207:ERROR:process_reader_win.cc(151)] SuspendThread: Access is denied. (0x5)
[0913/143918.207:ERROR:process_reader_win.cc(151)] SuspendThread: Access is denied. (0x5)
[0913/143918.207:ERROR:process_reader_win.cc(151)] SuspendThread: Access is denied. (0x5)
[0913/143918.207:ERROR:process_reader_win.cc(151)] SuspendThread: Access is denied. (0x5)
[0913/143918.208:ERROR:process_reader_win.cc(151)] SuspendThread: Access is denied. (0x5)
[0913/143918.208:ERROR:process_reader_win.cc(151)] SuspendThread: Access is denied. (0x5)
[0913/143918.208:ERROR:process_reader_win.cc(151)] SuspendThread: Access is denied. (0x5)
[0913/143918.208:ERROR:process_reader_win.cc(151)] SuspendThread: Access is denied. (0x5)
[0913/143918.248:ERROR:process_memory_win.cc(73)] ReadMemory at 0x281167120e0 of 72 bytes failed: Only part of a ReadProcessMemory or WriteProcessMemory request was completed. (0x12B)
[0913/143918.248:WARNING:pe_image_annotations_reader.cc(135)] could not read annotations list object in C:\Program Files (x86)\Google\Chrome\Application\85.0.4183.102\chrome_elf.dll
[0913/143918.249:ERROR:process_memory_win.cc(73)] ReadMemory at 0x7ffa6c570000 of 64 bytes failed: Only part of a ReadProcessMemory or WriteProcessMemory request was completed. (0x12B)
[0913/143918.249:WARNING:pe_image_reader.cc(340)] could not read dos header from C:\Program Files (x86)\Google\Chrome\Application\85.0.4183.102\chrome.dll
[0913/143918.249:ERROR:process_memory_win.cc(73)] ReadMemory at 0x28116cc0000 of 64 bytes failed: Only part of a ReadProcessMemory or WriteProcessMemory request was completed. (0x12B)
[0913/143918.249:WARNING:pe_image_reader.cc(340)] could not read dos header from C:\WINDOWS\System32\shcore.dll
[0913/143918.255:ERROR:process_memory_win.cc(73)] ReadMemory at 0x7ff74fe00000 of 64 bytes failed: Only part of a ReadProcessMemory or WriteProcessMemory request was completed. (0x12B)
[0913/143918.255:WARNING:pe_image_reader.cc(340)] could not read dos header from C:\Program Files (x86)\Google\Chrome\Application\chrome.exe
[0913/143918.255:ERROR:process_memory_win.cc(73)] ReadMemory at 0x281167120e0 of 72 bytes failed: Only part of a ReadProcessMemory or WriteProcessMemory request was completed. (0x12B)
[0913/143918.256:WARNING:pe_image_annotations_reader.cc(135)] could not read annotations list object in C:\Program Files (x86)\Google\Chrome\Application\85.0.4183.102\chrome_elf.dll
[0913/143918.256:ERROR:process_memory_win.cc(73)] ReadMemory at 0x7ffa6c570000 of 64 bytes failed: Only part of a ReadProcessMemory or WriteProcessMemory request was completed. (0x12B)
[0913/143918.256:WARNING:pe_image_reader.cc(340)] could not read dos header from C:\Program Files (x86)\Google\Chrome\Application\85.0.4183.102\chrome.dll
[0913/143918.257:ERROR:process_memory_win.cc(73)] ReadMemory at 0x28116cc0000 of 64 bytes failed: Only part of a ReadProcessMemory or WriteProcessMemory request was completed. (0x12B)
[0913/143918.258:WARNING:pe_image_reader.cc(340)] could not read dos header from C:\WINDOWS\System32\shcore.dll
[0913/143918.258:ERROR:process_memory_win.cc(73)] ReadMemory at 0x7ff74fe00000 of 64 bytes failed: Only part of a ReadProcessMemory or WriteProcessMemory request was completed. (0x12B)
[0913/143918.258:WARNING:pe_image_reader.cc(340)] could not read dos header from C:\Program Files (x86)\Google\Chrome\Application\chrome.exe
[0913/143918.258:ERROR:process_memory_win.cc(73)] ReadMemory at 0x281167120e0 of 72 bytes failed: Only part of a ReadProcessMemory or WriteProcessMemory request was completed. (0x12B)
[0913/143918.258:WARNING:pe_image_annotations_reader.cc(135)] could not read annotations list object in C:\Program Files (x86)\Google\Chrome\Application\85.0.4183.102\chrome_elf.dll
[0913/143918.258:ERROR:process_memory_win.cc(73)] ReadMemory at 0x7ffa6c570000 of 64 bytes failed: Only part of a ReadProcessMemory or WriteProcessMemory request was completed. (0x12B)
[0913/143918.259:WARNING:pe_image_reader.cc(340)] could not read dos header from C:\Program Files (x86)\Google\Chrome\Application\85.0.4183.102\chrome.dll
[0913/143918.259:ERROR:process_memory_win.cc(73)] ReadMemory at 0x28116cc0000 of 64 bytes failed: Only part of a ReadProcessMemory or WriteProcessMemory request was completed. (0x12B)
[0913/143918.259:WARNING:pe_image_reader.cc(340)] could not read dos header from C:\WINDOWS\System32\shcore.dll
[0913/143918.270:ERROR:process_memory_win.cc(73)] ReadMemory at 0xa19f1f4000 of 49152 bytes failed: Only part of a ReadProcessMemory or WriteProcessMemory request was completed. (0x12B)
[0913/143918.270:ERROR:process_memory_win.cc(73)] ReadMemory at 0xa19f9fd000 of 12288 bytes failed: Only part of a ReadProcessMemory or WriteProcessMemory request was completed. (0x12B)
[0913/143918.271:ERROR:process_memory_win.cc(73)] ReadMemory at 0xa1a01f5000 of 45056 bytes failed: Only part of a ReadProcessMemory or WriteProcessMemory request was completed. (0x12B)
[0913/143918.271:ERROR:process_memory_win.cc(73)] ReadMemory at 0xa19e9bb000 of 852 bytes failed: Only part of a ReadProcessMemory or WriteProcessMemory request was completed. (0x12B)
[0913/143918.271:ERROR:process_memory_win.cc(73)] ReadMemory at 0xa19e9bc000 of 6024 bytes failed: Only part of a ReadProcessMemory or WriteProcessMemory request was completed. (0x12B)
[0913/143918.271:ERROR:process_memory_win.cc(73)] ReadMemory at 0xa19e9be000 of 6024 bytes failed: Only part of a ReadProcessMemory or WriteProcessMemory request was completed. (0x12B)
[0913/143918.271:ERROR:process_memory_win.cc(73)] ReadMemory at 0xa19e9c0000 of 6024 bytes failed: Only part of a ReadProcessMemory or WriteProcessMemory request was completed. (0x12B)
[0913/143918.271:ERROR:process_memory_win.cc(73)] ReadMemory at 0x28116700000 of 384 bytes failed: Only part of a ReadProcessMemory or WriteProcessMemory request was completed. (0x12B)
[0913/143918.271:ERROR:process_memory_win.cc(73)] ReadMemory at 0x28116700fe0 of 4744 bytes failed: Only part of a ReadProcessMemory or WriteProcessMemory request was completed. (0x12B)
[0913/143918.271:ERROR:process_memory_win.cc(73)] ReadMemory at 0x28116702270 of 1012 bytes failed: Only part of a ReadProcessMemory or WriteProcessMemory request was completed. (0x12B)
[0913/143918.271:ERROR:process_memory_win.cc(73)] ReadMemory at 0x281167028b8 of 118 bytes failed: Only part of a ReadProcessMemory or WriteProcessMemory request was completed. (0x12B)
[0913/143918.272:ERROR:process_memory_win.cc(73)] ReadMemory at 0x28116702930 of 846 bytes failed: Only part of a ReadProcessMemory or WriteProcessMemory request was completed. (0x12B)
[0913/143918.272:ERROR:process_memory_win.cc(73)] ReadMemory at 0x28116702c80 of 118 bytes failed: Only part of a ReadProcessMemory or WriteProcessMemory request was completed. (0x12B)
[0913/143918.272:ERROR:process_memory_win.cc(73)] ReadMemory at 0x28116702cf8 of 96 bytes failed: Only part of a ReadProcessMemory or WriteProcessMemory request was completed. (0x12B)
[0913/143918.272:ERROR:process_memory_win.cc(73)] ReadMemory at 0x28116702d70 of 58 bytes failed: Only part of a ReadProcessMemory or WriteProcessMemory request was completed. (0x12B)
[0913/143918.272:ERROR:process_memory_win.cc(73)] ReadMemory at 0x28116702e70 of 132 bytes failed: Only part of a ReadProcessMemory or WriteProcessMemory request was completed. (0x12B)
[0913/143918.272:ERROR:process_memory_win.cc(73)] ReadMemory at 0x28116703000 of 132 bytes failed: Only part of a ReadProcessMemory or WriteProcessMemory request was completed. (0x12B)
[0913/143918.272:ERROR:process_memory_win.cc(73)] ReadMemory at 0x281167031c0 of 126 bytes failed: Only part of a ReadProcessMemory or WriteProcessMemory request was completed. (0x12B)
[0913/143918.272:ERROR:process_memory_win.cc(73)] ReadMemory at 0x281167035a0 of 132 bytes failed: Only part of a ReadProcessMemory or WriteProcessMemory request was completed. (0x12B)
[0913/143918.272:ERROR:process_memory_win.cc(73)] ReadMemory at 0x28116703730 of 64 bytes failed: Only part of a ReadProcessMemory or WriteProcessMemory request was completed. (0x12B)
[0913/143918.272:ERROR:process_memory_win.cc(73)] ReadMemory at 0x28116703aa0 of 62 bytes failed: Only part of a ReadProcessMemory or WriteProcessMemory request was completed. (0x12B)
[0913/143918.272:ERROR:process_memory_win.cc(73)] ReadMemory at 0x28116703b90 of 132 bytes failed: Only part of a ReadProcessMemory or WriteProcessMemory request was completed. (0x12B)
[0913/143918.272:ERROR:process_memory_win.cc(73)] ReadMemory at 0x28116703d20 of 68 bytes failed: Only part of a ReadProcessMemory or WriteProcessMemory request was completed. (0x12B)
[0913/143918.273:ERROR:process_memory_win.cc(73)] ReadMemory at 0x28116704e40 of 132 bytes failed: Only part of a ReadProcessMemory or WriteProcessMemory request was completed. (0x12B)
[0913/143918.273:ERROR:process_memory_win.cc(73)] ReadMemory at 0x281167108c0 of 132 bytes failed: Only part of a ReadProcessMemory or WriteProcessMemory request was completed. (0x12B)
[0913/143918.273:ERROR:process_memory_win.cc(73)] ReadMemory at 0x28116710ad0 of 132 bytes failed: Only part of a ReadProcessMemory or WriteProcessMemory request was completed. (0x12B)
[0913/143918.273:ERROR:process_memory_win.cc(73)] ReadMemory at 0x28116710c60 of 154 bytes failed: Only part of a ReadProcessMemory or WriteProcessMemory request was completed. (0x12B)
[0913/143918.273:ERROR:process_memory_win.cc(73)] ReadMemory at 0x28116711310 of 60 bytes failed: Only part of a ReadProcessMemory or WriteProcessMemory request was completed. (0x12B)
[0913/143918.273:ERROR:process_memory_win.cc(73)] ReadMemory at 0x28116711360 of 62 bytes failed: Only part of a ReadProcessMemory or WriteProcessMemory request was completed. (0x12B)
[0913/143918.273:ERROR:process_memory_win.cc(73)] ReadMemory at 0x28116711550 of 132 bytes failed: Only part of a ReadProcessMemory or WriteProcessMemory request was completed. (0x12B)
[0913/143918.273:ERROR:process_memory_win.cc(73)] ReadMemory at 0x28116717930 of 54 bytes failed: Only part of a ReadProcessMemory or WriteProcessMemory request was completed. (0x12B)
[0913/143918.273:ERROR:process_memory_win.cc(73)] ReadMemory at 0x28116717f70 of 80 bytes failed: Only part of a ReadProcessMemory or WriteProcessMemory request was completed. (0x12B)
[0913/143918.273:ERROR:process_memory_win.cc(73)] ReadMemory at 0x281167184b0 of 80 bytes failed: Only part of a ReadProcessMemory or WriteProcessMemory request was completed. (0x12B)
[0913/143918.273:ERROR:process_memory_win.cc(73)] ReadMemory at 0x2811671879c of 512 bytes failed: Only part of a ReadProcessMemory or WriteProcessMemory request was completed. (0x12B)
[0913/143918.273:ERROR:process_memory_win.cc(73)] ReadMemory at 0x2811671cb30 of 132 bytes failed: Only part of a ReadProcessMemory or WriteProcessMemory request was completed. (0x12B)
[0913/143918.273:ERROR:process_memory_win.cc(73)] ReadMemory at 0x2811671db50 of 146 bytes failed: Only part of a ReadProcessMemory or WriteProcessMemory request was completed. (0x12B)
[0913/143918.274:ERROR:process_memory_win.cc(73)] ReadMemory at 0x2811671dc40 of 132 bytes failed: Only part of a ReadProcessMemory or WriteProcessMemory request was completed. (0x12B)
[0913/143918.274:ERROR:process_memory_win.cc(73)] ReadMemory at 0x2811671e2d0 of 132 bytes failed: Only part of a ReadProcessMemory or WriteProcessMemory request was completed. (0x12B)
[0913/143918.274:ERROR:process_memory_win.cc(73)] ReadMemory at 0x2811671f510 of 132 bytes failed: Only part of a ReadProcessMemory or WriteProcessMemory request was completed. (0x12B)
[0913/143918.274:ERROR:process_memory_win.cc(73)] ReadMemory at 0x2811671f730 of 132 bytes failed: Only part of a ReadProcessMemory or WriteProcessMemory request was completed. (0x12B)
[0913/143918.274:ERROR:process_memory_win.cc(73)] ReadMemory at 0x2811671fa90 of 132 bytes failed: Only part of a ReadProcessMemory or WriteProcessMemory request was completed. (0x12B)
[0913/143918.274:ERROR:process_memory_win.cc(73)] ReadMemory at 0x281167202d0 of 62 bytes failed: Only part of a ReadProcessMemory or WriteProcessMemory request was completed. (0x12B)
[0913/143918.274:ERROR:process_memory_win.cc(73)] ReadMemory at 0x28116720320 of 64 bytes failed: Only part of a ReadProcessMemory or WriteProcessMemory request was completed. (0x12B)
[0913/143918.274:ERROR:process_memory_win.cc(73)] ReadMemory at 0x281167203c0 of 64 bytes failed: Only part of a ReadProcessMemory or WriteProcessMemory request was completed. (0x12B)
[0913/143918.274:ERROR:process_memory_win.cc(73)] ReadMemory at 0x28116720410 of 60 bytes failed: Only part of a ReadProcessMemory or WriteProcessMemory request was completed. (0x12B)
[0913/143918.274:ERROR:process_memory_win.cc(73)] ReadMemory at 0x28116720460 of 58 bytes failed: Only part of a ReadProcessMemory or WriteProcessMemory request was completed. (0x12B)
[0913/143918.274:ERROR:process_memory_win.cc(73)] ReadMemory at 0x281167204b0 of 62 bytes failed: Only part of a ReadProcessMemory or WriteProcessMemory request was completed. (0x12B)
[0913/143918.274:ERROR:process_memory_win.cc(73)] ReadMemory at 0x28116720500 of 62 bytes failed: Only part of a ReadProcessMemory or WriteProcessMemory request was completed. (0x12B)
[0913/143918.275:ERROR:process_memory_win.cc(73)] ReadMemory at 0x28116720550 of 64 bytes failed: Only part of a ReadProcessMemory or WriteProcessMemory request was completed. (0x12B)
[0913/143918.275:ERROR:process_memory_win.cc(73)] ReadMemory at 0x28116720640 of 62 bytes failed: Only part of a ReadProcessMemory or WriteProcessMemory request was completed. (0x12B)
[0913/143918.275:ERROR:process_memory_win.cc(73)] ReadMemory at 0x28116720730 of 64 bytes failed: Only part of a ReadProcessMemory or WriteProcessMemory request was completed. (0x12B)
[0913/143918.275:ERROR:process_memory_win.cc(73)] ReadMemory at 0x28116720910 of 62 bytes failed: Only part of a ReadProcessMemory or WriteProcessMemory request was completed. (0x12B)
[0913/143918.275:ERROR:process_memory_win.cc(73)] ReadMemory at 0x28116720960 of 64 bytes failed: Only part of a ReadProcessMemory or WriteProcessMemory request was completed. (0x12B)
[0913/143918.275:ERROR:process_memory_win.cc(73)] ReadMemory at 0x281167209b0 of 62 bytes failed: Only part of a ReadProcessMemory or WriteProcessMemory request was completed. (0x12B)
[0913/143918.275:ERROR:process_memory_win.cc(73)] ReadMemory at 0x28116720be0 of 64 bytes failed: Only part of a ReadProcessMemory or WriteProcessMemory request was completed. (0x12B)
[0913/143918.275:ERROR:process_memory_win.cc(73)] ReadMemory at 0x28116720c30 of 60 bytes failed: Only part of a ReadProcessMemory or WriteProcessMemory request was completed. (0x12B)
[0913/143918.275:ERROR:process_memory_win.cc(73)] ReadMemory at 0x28116720c80 of 66 bytes failed: Only part of a ReadProcessMemory or WriteProcessMemory request was completed. (0x12B)
[0913/143918.275:ERROR:process_memory_win.cc(73)] ReadMemory at 0x28116720d20 of 60 bytes failed: Only part of a ReadProcessMemory or WriteProcessMemory request was completed. (0x12B)
[0913/143918.275:ERROR:process_memory_win.cc(73)] ReadMemory at 0x28116720d70 of 62 bytes failed: Only part of a ReadProcessMemory or WriteProcessMemory request was completed. (0x12B)
[0913/143918.275:ERROR:process_memory_win.cc(73)] ReadMemory at 0x28116720dc0 of 62 bytes failed: Only part of a ReadProcessMemory or WriteProcessMemory request was completed. (0x12B)
[0913/143918.276:ERROR:process_memory_win.cc(73)] ReadMemory at 0x28116720e10 of 62 bytes failed: Only part of a ReadProcessMemory or WriteProcessMemory request was completed. (0x12B)
[0913/143918.276:ERROR:process_memory_win.cc(73)] ReadMemory at 0x28116720eb0 of 60 bytes failed: Only part of a ReadProcessMemory or WriteProcessMemory request was completed. (0x12B)
[0913/143918.276:ERROR:process_memory_win.cc(73)] ReadMemory at 0x28116720f00 of 64 bytes failed: Only part of a ReadProcessMemory or WriteProcessMemory request was completed. (0x12B)
[0913/143918.276:ERROR:process_memory_win.cc(73)] ReadMemory at 0x28116720f50 of 64 bytes failed: Only part of a ReadProcessMemory or WriteProcessMemory request was completed. (0x12B)
[0913/143918.276:ERROR:process_memory_win.cc(73)] ReadMemory at 0x281167210e0 of 60 bytes failed: Only part of a ReadProcessMemory or WriteProcessMemory request was completed. (0x12B)
[0913/143918.276:ERROR:process_memory_win.cc(73)] ReadMemory at 0x28116721180 of 60 bytes failed: Only part of a ReadProcessMemory or WriteProcessMemory request was completed. (0x12B)
[0913/143918.276:ERROR:process_memory_win.cc(73)] ReadMemory at 0x281167211d0 of 66 bytes failed: Only part of a ReadProcessMemory or WriteProcessMemory request was completed. (0x12B)
[0913/143918.276:ERROR:process_memory_win.cc(73)] ReadMemory at 0x28116721220 of 62 bytes failed: Only part of a ReadProcessMemory or WriteProcessMemory request was completed. (0x12B)
[0913/143918.276:ERROR:process_memory_win.cc(73)] ReadMemory at 0x28116721290 of 132 bytes failed: Only part of a ReadProcessMemory or WriteProcessMemory request was completed. (0x12B)
[0913/143918.276:ERROR:process_memory_win.cc(73)] ReadMemory at 0x28116721520 of 132 bytes failed: Only part of a ReadProcessMemory or WriteProcessMemory request was completed. (0x12B)
[0913/143918.277:ERROR:process_memory_win.cc(73)] ReadMemory at 0x28116721be0 of 132 bytes failed: Only part of a ReadProcessMemory or WriteProcessMemory request was completed. (0x12B)
[0913/143918.277:ERROR:process_memory_win.cc(73)] ReadMemory at 0x28116721d10 of 132 bytes failed: Only part of a ReadProcessMemory or WriteProcessMemory request was completed. (0x12B)
[0913/143918.277:ERROR:process_memory_win.cc(73)] ReadMemory at 0x28116721e40 of 132 bytes failed: Only part of a ReadProcessMemory or WriteProcessMemory request was completed. (0x12B)
[0913/143918.277:ERROR:process_memory_win.cc(73)] ReadMemory at 0x28116721f70 of 132 bytes failed: Only part of a ReadProcessMemory or WriteProcessMemory request was completed. (0x12B)
[0913/143918.277:ERROR:process_memory_win.cc(73)] ReadMemory at 0x281167220a0 of 132 bytes failed: Only part of a ReadProcessMemory or WriteProcessMemory request was completed. (0x12B)
[0913/143918.277:ERROR:process_memory_win.cc(73)] ReadMemory at 0x281167221d0 of 132 bytes failed: Only part of a ReadProcessMemory or WriteProcessMemory request was completed. (0x12B)
[0913/143918.277:ERROR:process_memory_win.cc(73)] ReadMemory at 0x28116722300 of 132 bytes failed: Only part of a ReadProcessMemory or WriteProcessMemory request was completed. (0x12B)
[0913/143918.277:ERROR:process_memory_win.cc(73)] ReadMemory at 0x28116722430 of 132 bytes failed: Only part of a ReadProcessMemory or WriteProcessMemory request was completed. (0x12B)
[0913/143918.278:ERROR:process_memory_win.cc(73)] ReadMemory at 0x28116722560 of 132 bytes failed: Only part of a ReadProcessMemory or WriteProcessMemory request was completed. (0x12B)
[0913/143918.278:ERROR:process_memory_win.cc(73)] ReadMemory at 0x28116722690 of 132 bytes failed: Only part of a ReadProcessMemory or WriteProcessMemory request was completed. (0x12B)
[0913/143918.278:ERROR:process_memory_win.cc(73)] ReadMemory at 0x281167227c0 of 132 bytes failed: Only part of a ReadProcessMemory or WriteProcessMemory request was completed. (0x12B)
[0913/143918.278:ERROR:process_memory_win.cc(73)] ReadMemory at 0x281167228f0 of 132 bytes failed: Only part of a ReadProcessMemory or WriteProcessMemory request was completed. (0x12B)
[0913/143918.278:ERROR:process_memory_win.cc(73)] ReadMemory at 0x28116728db0 of 132 bytes failed: Only part of a ReadProcessMemory or WriteProcessMemory request was completed. (0x12B)
[0913/143918.278:ERROR:process_memory_win.cc(73)] ReadMemory at 0x28116729280 of 132 bytes failed: Only part of a ReadProcessMemory or WriteProcessMemory request was completed. (0x12B)
[0913/143918.278:ERROR:process_memory_win.cc(73)] ReadMemory at 0x281167293b0 of 132 bytes failed: Only part of a ReadProcessMemory or WriteProcessMemory request was completed. (0x12B)
[0913/143918.279:ERROR:process_memory_win.cc(73)] ReadMemory at 0x28116729d30 of 132 bytes failed: Only part of a ReadProcessMemory or WriteProcessMemory request was completed. (0x12B)
[0913/143918.279:ERROR:process_memory_win.cc(73)] ReadMemory at 0x2811672a0c0 of 132 bytes failed: Only part of a ReadProcessMemory or WriteProcessMemory request was completed. (0x12B)
[0913/143918.279:ERROR:process_memory_win.cc(73)] ReadMemory at 0x2811672a580 of 132 bytes failed: Only part of a ReadProcessMemory or WriteProcessMemory request was completed. (0x12B)
[0913/143918.279:ERROR:process_memory_win.cc(73)] ReadMemory at 0x2811672a6b0 of 132 bytes failed: Only part of a ReadProcessMemory or WriteProcessMemory request was completed. (0x12B)
[0913/143918.279:ERROR:process_memory_win.cc(73)] ReadMemory at 0x2811672a7e0 of 132 bytes failed: Only part of a ReadProcessMemory or WriteProcessMemory request was completed. (0x12B)
[0913/143918.279:ERROR:process_memory_win.cc(73)] ReadMemory at 0x2811672a910 of 132 bytes failed: Only part of a ReadProcessMemory or WriteProcessMemory request was completed. (0x12B)
[0913/143918.280:ERROR:process_memory_win.cc(73)] ReadMemory at 0x2811672aa40 of 132 bytes failed: Only part of a ReadProcessMemory or WriteProcessMemory request was completed. (0x12B)
[0913/143918.280:ERROR:process_memory_win.cc(73)] ReadMemory at 0x2811672ab70 of 132 bytes failed: Only part of a ReadProcessMemory or WriteProcessMemory request was completed. (0x12B)
[0913/143918.280:ERROR:process_memory_win.cc(73)] ReadMemory at 0x2811672add0 of 132 bytes failed: Only part of a ReadProcessMemory or WriteProcessMemory request was completed. (0x12B)
[0913/143918.280:ERROR:process_memory_win.cc(73)] ReadMemory at 0x2811672e1a0 of 76 bytes failed: Only part of a ReadProcessMemory or WriteProcessMemory request was completed. (0x12B)
[0913/143918.280:ERROR:process_memory_win.cc(73)] ReadMemory at 0x28116773830 of 512 bytes failed: Only part of a ReadProcessMemory or WriteProcessMemory request was completed. (0x12B)
[0913/143918.280:ERROR:process_memory_win.cc(73)] ReadMemory at 0x2811678af50 of 512 bytes failed: Only part of a ReadProcessMemory or WriteProcessMemory request was completed. (0x12B)
[0913/143918.280:ERROR:process_memory_win.cc(73)] ReadMemory at 0x281167cac80 of 512 bytes failed: Only part of a ReadProcessMemory or WriteProcessMemory request was completed. (0x12B)
[0913/143918.280:ERROR:process_memory_win.cc(73)] ReadMemory at 0x28116800c40 of 512 bytes failed: Only part of a ReadProcessMemory or WriteProcessMemory request was completed. (0x12B)
[0913/143918.280:ERROR:process_memory_win.cc(73)] ReadMemory at 0x28118173e10 of 512 bytes failed: Only part of a ReadProcessMemory or WriteProcessMemory request was completed. (0x12B)
[0913/143918.280:ERROR:process_memory_win.cc(73)] ReadMemory at 0x281189fcbb0 of 512 bytes failed: Only part of a ReadProcessMemory or WriteProcessMemory request was completed. (0x12B)
[0913/143918.280:ERROR:process_memory_win.cc(73)] ReadMemory at 0x61e862c9f9e8 of 512 bytes failed: Only part of a ReadProcessMemory or WriteProcessMemory request was completed. (0x12B)
[0913/143918.282:ERROR:scoped_process_suspend.cc(40)] NtResumeProcess: An attempt was made to access an exiting process. (0xc000010a)
[1010/193034.655:ERROR:settings.cc(430)] Settings version is not 5
[1018/193457.082:ERROR:settings.cc(425)] Settings magic is not 1129342067
[1019/080747.486:ERROR:directory_reader_win.cc(43)] FindFirstFile: The system cannot find the path specified. (0x3)
[1019/205435.870:ERROR:directory_reader_win.cc(43)] FindFirstFile: The system cannot find the path specified. (0x3)
[1206/091132.574:ERROR:directory_reader_win.cc(43)] FindFirstFile: The system cannot find the path specified. (0x3)
[1213/114837.726:ERROR:directory_reader_win.cc(43)] FindFirstFile: The system cannot find the path specified. (0x3)
[1214/200640.337:ERROR:directory_reader_win.cc(43)] FindFirstFile: The system cannot find the path specified. (0x3)
[1231/101331.930:ERROR:directory_reader_win.cc(43)] FindFirstFile: The system cannot find the path specified. (0x3)
[0101/101331.934:ERROR:directory_reader_win.cc(43)] FindFirstFile: The system cannot find the path specified. (0x3)
[0104/211106.310:ERROR:directory_reader_win.cc(43)] FindFirstFile: The system cannot find the path specified. (0x3)
[0104/212719.238:ERROR:directory_reader_win.cc(43)] FindFirstFile: The system cannot find the path specified. (0x3)
[0105/204531.751:ERROR:directory_reader_win.cc(43)] FindFirstFile: The system cannot find the path specified. (0x3)
[0118/223049.528:ERROR:directory_reader_win.cc(43)] FindFirstFile: The system cannot find the path specified. (0x3)
[0122/214626.164:ERROR:directory_reader_win.cc(43)] FindFirstFile: The system cannot find the path specified. (0x3)
